# JRE version: Java(TM) SE Runtime Environment (8.0_101-b13) (build 1.8.0_101-b13)
# Java VM: Java HotSpot(TM) 64-Bit Server VM (25.101-b13 mixed mode windows-amd64 compressed oops)
Heap:
 PSYoungGen      total 70144K, used 24089K [0x00000000d5f80000, 0x00000000dba00000, 0x0000000100000000)
  eden space 51712K, 45% used [0x00000000d5f80000,0x00000000d7673900,0x00000000d9200000)
  from space 18432K, 3% used [0x00000000da800000,0x00000000da892eb0,0x00000000dba00000)
  to   space 20480K, 0% used [0x00000000d9200000,0x00000000d9200000,0x00000000da600000)
 ParOldGen       total 118272K, used 27931K [0x0000000081e00000, 0x0000000089180000, 0x00000000d5f80000)
  object space 118272K, 23% used [0x0000000081e00000,0x0000000083946f10,0x0000000089180000)
 Metaspace       used 30451K, capacity 30776K, committed 31152K, reserved 1075200K
  class space    used 4321K, capacity 4452K, committed 4528K, reserved 1048576K
GC Heap History (10 events):
Event: 5521.765 GC heap before
{Heap before GC invocations=27 (full 3):
 PSYoungGen      total 57856K, used 57611K [0x00000000d5f80000, 0x00000000dcc00000, 0x0000000100000000)
  eden space 56832K, 100% used [0x00000000d5f80000,0x00000000d9700000,0x00000000d9700000)
  from space 1024K, 76% used [0x00000000d9800000,0x00000000d98c2eb0,0x00000000d9900000)
  to   space 27136K, 0% used [0x00000000db180000,0x00000000db180000,0x00000000dcc00000)
 ParOldGen       total 118272K, used 27666K [0x0000000081e00000, 0x0000000089180000, 0x00000000d5f80000)
  object space 118272K, 23% used [0x0000000081e00000,0x0000000083904888,0x0000000089180000)
 Metaspace       used 30415K, capacity 30776K, committed 31152K, reserved 1075200K
  class space    used 4321K, capacity 4452K, committed 4528K, reserved 1048576K
Event: 5521.769 GC heap after
Heap after GC invocations=27 (full 3):
 PSYoungGen      total 78848K, used 811K [0x00000000d5f80000, 0x00000000dc800000, 0x0000000100000000)
  eden space 55808K, 0% used [0x00000000d5f80000,0x00000000d5f80000,0x00000000d9600000)
  from space 23040K, 3% used [0x00000000db180000,0x00000000db24aeb0,0x00000000dc800000)
  to   space 25600K, 0% used [0x00000000d9600000,0x00000000d9600000,0x00000000daf00000)
 ParOldGen       total 118272K, used 27666K [0x0000000081e00000, 0x0000000089180000, 0x00000000d5f80000)
  object space 118272K, 23% used [0x0000000081e00000,0x0000000083904888,0x0000000089180000)
 Metaspace       used 30415K, capacity 30776K, committed 31152K, reserved 1075200K
  class space    used 4321K, capacity 4452K, committed 4528K, reserved 1048576K
}
Event: 5940.016 GC heap before
{Heap before GC invocations=28 (full 3):
 PSYoungGen      total 78848K, used 56619K [0x00000000d5f80000, 0x00000000dc800000, 0x0000000100000000)
  eden space 55808K, 100% used [0x00000000d5f80000,0x00000000d9600000,0x00000000d9600000)
  from space 23040K, 3% used [0x00000000db180000,0x00000000db24aeb0,0x00000000dc800000)
  to   space 25600K, 0% used [0x00000000d9600000,0x00000000d9600000,0x00000000daf00000)
 ParOldGen       total 118272K, used 27666K [0x0000000081e00000, 0x0000000089180000, 0x00000000d5f80000)
  object space 118272K, 23% used [0x0000000081e00000,0x0000000083904888,0x0000000089180000)
 Metaspace       used 30417K, capacity 30776K, committed 31152K, reserved 1075200K
  class space    used 4321K, capacity 4452K, committed 4528K, reserved 1048576K
Event: 5940.021 GC heap after
Heap after GC invocations=28 (full 3):
 PSYoungGen      total 55808K, used 811K [0x00000000d5f80000, 0x00000000dc400000, 0x0000000100000000)
  eden space 54784K, 0% used [0x00000000d5f80000,0x00000000d5f80000,0x00000000d9500000)
  from space 1024K, 79% used [0x00000000d9600000,0x00000000d96caeb0,0x00000000d9700000)
  to   space 24064K, 0% used [0x00000000dac80000,0x00000000dac80000,0x00000000dc400000)
 ParOldGen       total 118272K, used 27674K [0x0000000081e00000, 0x0000000089180000, 0x00000000d5f80000)
  object space 118272K, 23% used [0x0000000081e00000,0x0000000083906888,0x0000000089180000)
 Metaspace       used 30417K, capacity 30776K, committed 31152K, reserved 1075200K
  class space    used 4321K, capacity 4452K, committed 4528K, reserved 1048576K
}
Event: 6354.851 GC heap before
{Heap before GC invocations=29 (full 3):
 PSYoungGen      total 55808K, used 55595K [0x00000000d5f80000, 0x00000000dc400000, 0x0000000100000000)
  eden space 54784K, 100% used [0x00000000d5f80000,0x00000000d9500000,0x00000000d9500000)
  from space 1024K, 79% used [0x00000000d9600000,0x00000000d96caeb0,0x00000000d9700000)
  to   space 24064K, 0% used [0x00000000dac80000,0x00000000dac80000,0x00000000dc400000)
 ParOldGen       total 118272K, used 27674K [0x0000000081e00000, 0x0000000089180000, 0x00000000d5f80000)
  object space 118272K, 23% used [0x0000000081e00000,0x0000000083906888,0x0000000089180000)
 Metaspace       used 30417K, capacity 30776K, committed 31152K, reserved 1075200K
  class space    used 4321K, capacity 4452K, committed 4528K, reserved 1048576K
Event: 6354.856 GC heap after
Heap after GC invocations=29 (full 3):
 PSYoungGen      total 74752K, used 747K [0x00000000d5f80000, 0x00000000dc100000, 0x0000000100000000)
  eden space 53760K, 0% used [0x00000000d5f80000,0x00000000d5f80000,0x00000000d9400000)
  from space 20992K, 3% used [0x00000000dac80000,0x00000000dad3aeb0,0x00000000dc100000)
  to   space 23040K, 0% used [0x00000000d9400000,0x00000000d9400000,0x00000000daa80000)
 ParOldGen       total 118272K, used 27811K [0x0000000081e00000, 0x0000000089180000, 0x00000000d5f80000)
  object space 118272K, 23% used [0x0000000081e00000,0x0000000083928f10,0x0000000089180000)
 Metaspace       used 30417K, capacity 30776K, committed 31152K, reserved 1075200K
  class space    used 4321K, capacity 4452K, committed 4528K, reserved 1048576K
}
Event: 6760.499 GC heap before
{Heap before GC invocations=30 (full 3):
 PSYoungGen      total 74752K, used 54507K [0x00000000d5f80000, 0x00000000dc100000, 0x0000000100000000)
  eden space 53760K, 100% used [0x00000000d5f80000,0x00000000d9400000,0x00000000d9400000)
  from space 20992K, 3% used [0x00000000dac80000,0x00000000dad3aeb0,0x00000000dc100000)
  to   space 23040K, 0% used [0x00000000d9400000,0x00000000d9400000,0x00000000daa80000)
 ParOldGen       total 118272K, used 27811K [0x0000000081e00000, 0x0000000089180000, 0x00000000d5f80000)
  object space 118272K, 23% used [0x0000000081e00000,0x0000000083928f10,0x0000000089180000)
 Metaspace       used 30436K, capacity 30776K, committed 31152K, reserved 1075200K
  class space    used 4321K, capacity 4452K, committed 4528K, reserved 1048576K
Event: 6760.504 GC heap after
Heap after GC invocations=30 (full 3):
 PSYoungGen      total 53760K, used 683K [0x00000000d5f80000, 0x00000000dbd00000, 0x0000000100000000)
  eden space 52736K, 0% used [0x00000000d5f80000,0x00000000d5f80000,0x00000000d9300000)
  from space 1024K, 66% used [0x00000000d9400000,0x00000000d94aaeb0,0x00000000d9500000)
  to   space 21504K, 0% used [0x00000000da800000,0x00000000da800000,0x00000000dbd00000)
 ParOldGen       total 118272K, used 27883K [0x0000000081e00000, 0x0000000089180000, 0x00000000d5f80000)
  object space 118272K, 23% used [0x0000000081e00000,0x000000008393af10,0x0000000089180000)
 Metaspace       used 30436K, capacity 30776K, committed 31152K, reserved 1075200K
  class space    used 4321K, capacity 4452K, committed 4528K, reserved 1048576K
}
Event: 7155.603 GC heap before
{Heap before GC invocations=31 (full 3):
 PSYoungGen      total 53760K, used 53419K [0x00000000d5f80000, 0x00000000dbd00000, 0x0000000100000000)
  eden space 52736K, 100% used [0x00000000d5f80000,0x00000000d9300000,0x00000000d9300000)
  from space 1024K, 66% used [0x00000000d9400000,0x00000000d94aaeb0,0x00000000d9500000)
  to   space 21504K, 0% used [0x00000000da800000,0x00000000da800000,0x00000000dbd00000)
 ParOldGen       total 118272K, used 27883K [0x0000000081e00000, 0x0000000089180000, 0x00000000d5f80000)
  object space 118272K, 23% used [0x0000000081e00000,0x000000008393af10,0x0000000089180000)
 Metaspace       used 30438K, capacity 30776K, committed 31152K, reserved 1075200K
  class space    used 4321K, capacity 4452K, committed 4528K, reserved 1048576K
Event: 7155.608 GC heap after
Heap after GC invocations=31 (full 3):
 PSYoungGen      total 70144K, used 587K [0x00000000d5f80000, 0x00000000dba00000, 0x0000000100000000)
  eden space 51712K, 0% used [0x00000000d5f80000,0x00000000d5f80000,0x00000000d9200000)
  from space 18432K, 3% used [0x00000000da800000,0x00000000da892eb0,0x00000000dba00000)
  to   space 20480K, 0% used [0x00000000d9200000,0x00000000d9200000,0x00000000da600000)
 ParOldGen       total 118272K, used 27931K [0x0000000081e00000, 0x0000000089180000, 0x00000000d5f80000)
  object space 118272K, 23% used [0x0000000081e00000,0x0000000083946f10,0x0000000089180000)
 Metaspace       used 30438K, capacity 30776K, committed 31152K, reserved 1075200K
  class space    used 4321K, capacity 4452K, committed 4528K, reserved 1048576K
}

